2026-04-21 16:19:32,561 [INFO] main :: assignment: {'C0': [0, 2], 'C1': [1, 3]}
2026-04-21 16:19:32,565 [INFO] consumers :: [C0] assigned partitions: [0, 2]
2026-04-21 16:19:32,566 [INFO] consumers :: [C1] assigned partitions: [1, 3]
2026-04-21 16:19:34,567 [INFO] main :: [metrics] {'backlog': {0: 0, 1: 0, 2: 0, 3: 1}, 'lag': 1, 'throughput': {'C1': 5.2, 'C0': 2.8}}
2026-04-21 16:19:36,568 [INFO] main :: [metrics] {'backlog': {0: 0, 1: 0, 2: 0, 3: 1}, 'lag': 1, 'throughput': {'C1': 9.4, 'C0': 6.4}}
2026-04-21 16:19:38,569 [INFO] main :: [metrics] {'backlog': {0: 0, 1: 0, 2: 1, 3: 0}, 'lag': 1, 'throughput': {'C1': 12.0, 'C0': 8.0}}
2026-04-21 16:19:40,571 [INFO] main :: [metrics] {'backlog': {0: 0, 1: 0, 2: 0, 3: 2}, 'lag': 2, 'throughput': {'C1': 12.2, 'C0': 7.6}}
2026-04-21 16:19:42,573 [INFO] main :: [metrics] {'backlog': {0: 0, 1: 0, 2: 1, 3: 0}, 'lag': 1, 'throughput': {'C1': 13.0, 'C0': 7.2}}
2026-04-21 16:19:44,574 [INFO] main :: [metrics] {'backlog': {0: 1, 1: 0, 2: 0, 3: 1}, 'lag': 2, 'throughput': {'C1': 12.8, 'C0': 7.4}}
2026-04-21 16:19:46,575 [INFO] main :: [metrics] {'backlog': {0: 0, 1: 0, 2: 0, 3: 1}, 'lag': 1, 'throughput': {'C1': 14.0, 'C0': 6.2}}
2026-04-21 16:19:48,576 [INFO] main :: [metrics] {'backlog': {0: 0, 1: 0, 2: 0, 3: 0}, 'lag': 0, 'throughput': {'C1': 14.8, 'C0': 5.0}}
2026-04-21 16:19:50,577 [INFO] main :: [metrics] {'backlog': {0: 1, 1: 0, 2: 0, 3: 0}, 'lag': 1, 'throughput': {'C1': 13.8, 'C0': 6.6}}
2026-04-21 16:19:52,578 [INFO] main :: [metrics] {'backlog': {0: 0, 1: 0, 2: 0, 3: 0}, 'lag': 0, 'throughput': {'C1': 12.8, 'C0': 7.2}}
2026-04-21 16:19:54,580 [INFO] main :: [metrics] {'backlog': {0: 0, 1: 0, 2: 0, 3: 1}, 'lag': 1, 'throughput': {'C1': 12.2, 'C0': 8.6}}
2026-04-21 16:19:56,581 [INFO] main :: [metrics] {'backlog': {0: 0, 1: 0, 2: 1, 3: 1}, 'lag': 2, 'throughput': {'C1': 13.0, 'C0': 6.8}}
2026-04-21 16:19:58,582 [INFO] main :: [metrics] {'backlog': {0: 0, 1: 0, 2: 0, 3: 1}, 'lag': 1, 'throughput': {'C1': 14.0, 'C0': 6.0}}
2026-04-21 16:20:00,583 [INFO] main :: [metrics] {'backlog': {0: 0, 1: 0, 2: 0, 3: 1}, 'lag': 1, 'throughput': {'C1': 12.6, 'C0': 7.4}}
2026-04-21 16:20:02,585 [INFO] main :: [metrics] {'backlog': {0: 0, 1: 0, 2: 0, 3: 2}, 'lag': 2, 'throughput': {'C1': 10.8, 'C0': 9.2}}
2026-04-21 16:20:02,635 [INFO] main :: final offsets: {'agri-stats': {'3': 375, '2': 144, '0': 74, '1': 0}}
2026-04-21 16:20:03,359 [INFO] main :: assignment: {'C0': [0], 'C1': [1], 'C2': [2], 'C3': [3]}
2026-04-21 16:20:03,359 [INFO] consumers :: [C0] assigned partitions: [0]
2026-04-21 16:20:03,359 [INFO] consumers :: [C1] assigned partitions: [1]
2026-04-21 16:20:03,359 [INFO] consumers :: [C2] assigned partitions: [2]
2026-04-21 16:20:03,366 [INFO] consumers :: [C3] assigned partitions: [3]
2026-04-21 16:20:05,368 [INFO] main :: [metrics] {'backlog': {0: 0, 1: 0, 2: 0, 3: 0}, 'lag': 0, 'throughput': {}}
2026-04-21 16:20:07,368 [INFO] main :: [metrics] {'backlog': {0: 0, 1: 0, 2: 0, 3: 0}, 'lag': 0, 'throughput': {}}
2026-04-21 16:20:09,370 [INFO] main :: [metrics] {'backlog': {0: 0, 1: 0, 2: 0, 3: 0}, 'lag': 0, 'throughput': {}}
2026-04-21 16:20:11,371 [INFO] main :: [metrics] {'backlog': {0: 0, 1: 0, 2: 0, 3: 0}, 'lag': 0, 'throughput': {}}
2026-04-21 16:20:13,372 [INFO] main :: [metrics] {'backlog': {0: 0, 1: 0, 2: 0, 3: 0}, 'lag': 0, 'throughput': {}}
2026-04-21 16:20:15,374 [INFO] main :: [metrics] {'backlog': {0: 0, 1: 0, 2: 0, 3: 0}, 'lag': 0, 'throughput': {}}
2026-04-21 16:20:17,375 [INFO] main :: [metrics] {'backlog': {0: 0, 1: 0, 2: 0, 3: 0}, 'lag': 0, 'throughput': {}}
2026-04-21 16:20:19,376 [INFO] main :: [metrics] {'backlog': {0: 0, 1: 0, 2: 0, 3: 0}, 'lag': 0, 'throughput': {}}
2026-04-21 16:20:21,377 [INFO] main :: [metrics] {'backlog': {0: 0, 1: 0, 2: 0, 3: 0}, 'lag': 0, 'throughput': {}}
2026-04-21 16:20:23,378 [INFO] main :: [metrics] {'backlog': {0: 0, 1: 0, 2: 0, 3: 0}, 'lag': 0, 'throughput': {}}
2026-04-21 16:20:25,380 [INFO] main :: [metrics] {'backlog': {0: 0, 1: 0, 2: 0, 3: 0}, 'lag': 0, 'throughput': {}}
2026-04-21 16:20:27,381 [INFO] main :: [metrics] {'backlog': {0: 0, 1: 0, 2: 0, 3: 0}, 'lag': 0, 'throughput': {}}
2026-04-21 16:20:29,383 [INFO] main :: [metrics] {'backlog': {0: 0, 1: 0, 2: 0, 3: 0}, 'lag': 0, 'throughput': {}}
2026-04-21 16:20:31,384 [INFO] main :: [metrics] {'backlog': {0: 0, 1: 0, 2: 1, 3: 0}, 'lag': 1, 'throughput': {'C2': 1.4}}
2026-04-21 16:20:33,385 [INFO] main :: [metrics] {'backlog': {0: 0, 1: 0, 2: 0, 3: 0}, 'lag': 0, 'throughput': {'C2': 3.0, 'C0': 0.4}}
2026-04-21 16:20:33,435 [INFO] main :: final offsets: {'agri-stats': {'3': 375, '2': 159, '0': 76, '1': 0}}
2026-04-21 16:20:34,003 [INFO] main :: assignment: {'C0': [0], 'C1': [1], 'C2': [2], 'C3': [3]}
2026-04-21 16:20:34,003 [INFO] consumers :: [C0] assigned partitions: [0]
2026-04-21 16:20:34,006 [INFO] consumers :: [C1] assigned partitions: [1]
2026-04-21 16:20:34,006 [INFO] consumers :: [C2] assigned partitions: [2]
2026-04-21 16:20:34,006 [INFO] consumers :: [C3] assigned partitions: [3]
2026-04-21 16:20:36,011 [INFO] main :: [metrics] {'backlog': {0: 0, 1: 0, 2: 0, 3: 0}, 'lag': 0, 'throughput': {}}
2026-04-21 16:20:38,012 [INFO] main :: [metrics] {'backlog': {0: 0, 1: 0, 2: 0, 3: 0}, 'lag': 0, 'throughput': {}}
2026-04-21 16:20:40,013 [INFO] main :: [metrics] {'backlog': {0: 0, 1: 0, 2: 0, 3: 0}, 'lag': 0, 'throughput': {}}
2026-04-21 16:20:42,014 [INFO] main :: [metrics] {'backlog': {0: 0, 1: 0, 2: 0, 3: 0}, 'lag': 0, 'throughput': {}}
2026-04-21 16:20:44,016 [INFO] main :: [metrics] {'backlog': {0: 0, 1: 0, 2: 0, 3: 0}, 'lag': 0, 'throughput': {}}
2026-04-21 16:20:46,017 [INFO] main :: [metrics] {'backlog': {0: 0, 1: 0, 2: 0, 3: 0}, 'lag': 0, 'throughput': {}}
2026-04-21 16:20:48,018 [INFO] main :: [metrics] {'backlog': {0: 0, 1: 0, 2: 0, 3: 0}, 'lag': 0, 'throughput': {}}
2026-04-21 16:20:50,019 [INFO] main :: [metrics] {'backlog': {0: 0, 1: 0, 2: 0, 3: 0}, 'lag': 0, 'throughput': {}}
2026-04-21 16:20:52,020 [INFO] main :: [metrics] {'backlog': {0: 0, 1: 0, 2: 0, 3: 0}, 'lag': 0, 'throughput': {}}
2026-04-21 16:20:54,021 [INFO] main :: [metrics] {'backlog': {0: 0, 1: 0, 2: 0, 3: 0}, 'lag': 0, 'throughput': {}}
2026-04-21 16:20:54,070 [INFO] main :: final offsets: {'agri-stats': {'3': 375, '2': 159, '0': 76, '1': 0}}
2026-04-21 16:20:54,504 [INFO] main :: assignment: {'C0': [0], 'C1': [1], 'C2': [2], 'C3': [3]}
2026-04-21 16:20:54,504 [INFO] consumers :: [C0] assigned partitions: [0]
2026-04-21 16:20:54,504 [INFO] consumers :: [C1] assigned partitions: [1]
2026-04-21 16:20:54,504 [INFO] consumers :: [C2] assigned partitions: [2]
2026-04-21 16:20:54,504 [INFO] consumers :: [C3] assigned partitions: [3]
2026-04-21 16:20:56,514 [INFO] main :: [metrics] {'backlog': {0: 0, 1: 0, 2: 0, 3: 0}, 'lag': 0, 'throughput': {}}
2026-04-21 16:20:58,515 [INFO] main :: [metrics] {'backlog': {0: 0, 1: 0, 2: 0, 3: 0}, 'lag': 0, 'throughput': {}}
2026-04-21 16:21:00,516 [INFO] main :: [metrics] {'backlog': {0: 0, 1: 0, 2: 0, 3: 0}, 'lag': 0, 'throughput': {}}
2026-04-21 16:21:02,517 [INFO] main :: [metrics] {'backlog': {0: 0, 1: 0, 2: 0, 3: 0}, 'lag': 0, 'throughput': {}}
2026-04-21 16:21:04,518 [INFO] main :: [metrics] {'backlog': {0: 0, 1: 0, 2: 0, 3: 0}, 'lag': 0, 'throughput': {}}
2026-04-21 16:21:06,520 [INFO] main :: [metrics] {'backlog': {0: 0, 1: 0, 2: 0, 3: 0}, 'lag': 0, 'throughput': {}}
2026-04-21 16:21:08,520 [INFO] main :: [metrics] {'backlog': {0: 0, 1: 0, 2: 0, 3: 0}, 'lag': 0, 'throughput': {}}
2026-04-21 16:21:10,521 [INFO] main :: [metrics] {'backlog': {0: 0, 1: 0, 2: 0, 3: 0}, 'lag': 0, 'throughput': {}}
2026-04-21 16:21:12,522 [INFO] main :: [metrics] {'backlog': {0: 0, 1: 0, 2: 0, 3: 0}, 'lag': 0, 'throughput': {}}
2026-04-21 16:21:14,523 [INFO] main :: [metrics] {'backlog': {0: 0, 1: 0, 2: 0, 3: 0}, 'lag': 0, 'throughput': {}}
2026-04-21 16:21:16,524 [INFO] main :: [metrics] {'backlog': {0: 0, 1: 0, 2: 0, 3: 0}, 'lag': 0, 'throughput': {}}
2026-04-21 16:21:18,525 [INFO] main :: [metrics] {'backlog': {0: 0, 1: 0, 2: 0, 3: 0}, 'lag': 0, 'throughput': {}}
2026-04-21 16:21:20,526 [INFO] main :: [metrics] {'backlog': {0: 0, 1: 0, 2: 0, 3: 0}, 'lag': 0, 'throughput': {}}
2026-04-21 16:21:22,527 [INFO] main :: [metrics] {'backlog': {0: 0, 1: 0, 2: 0, 3: 0}, 'lag': 0, 'throughput': {'C2': 1.0}}
2026-04-21 16:21:24,528 [INFO] main :: [metrics] {'backlog': {0: 0, 1: 0, 2: 0, 3: 0}, 'lag': 0, 'throughput': {'C2': 2.4}}
2026-04-21 16:21:26,529 [INFO] main :: [metrics] {'backlog': {0: 1, 1: 0, 2: 0, 3: 1}, 'lag': 2, 'throughput': {'C2': 3.6, 'C0': 0.4, 'C3': 0.2}}
2026-04-21 16:21:28,530 [INFO] main :: [metrics] {'backlog': {0: 0, 1: 0, 2: 0, 3: 1}, 'lag': 1, 'throughput': {'C2': 3.6, 'C0': 1.6, 'C3': 5.2}}
2026-04-21 16:21:30,532 [INFO] main :: [metrics] {'backlog': {0: 0, 1: 0, 2: 0, 3: 1}, 'lag': 1, 'throughput': {'C2': 3.4, 'C0': 3.2, 'C3': 10.2}}
2026-04-21 16:21:32,533 [INFO] main :: [metrics] {'backlog': {0: 0, 1: 0, 2: 1, 3: 0}, 'lag': 1, 'throughput': {'C2': 4.0, 'C0': 3.8, 'C3': 12.6}}
2026-04-21 16:21:34,534 [INFO] main :: [metrics] {'backlog': {0: 0, 1: 0, 2: 1, 3: 1}, 'lag': 2, 'throughput': {'C2': 5.2, 'C0': 3.6, 'C3': 11.4}}
2026-04-21 16:21:36,535 [INFO] main :: [metrics] {'backlog': {0: 0, 1: 0, 2: 0, 3: 1}, 'lag': 1, 'throughput': {'C2': 6.4, 'C0': 2.4, 'C3': 11.6}}
2026-04-21 16:21:38,537 [INFO] main :: [metrics] {'backlog': {0: 0, 1: 0, 2: 0, 3: 2}, 'lag': 2, 'throughput': {'C2': 5.6, 'C0': 2.2, 'C3': 12.4}}
2026-04-21 16:21:40,538 [INFO] main :: [metrics] {'backlog': {0: 0, 1: 0, 2: 0, 3: 1}, 'lag': 1, 'throughput': {'C2': 5.8, 'C0': 2.4, 'C3': 11.6}}
2026-04-21 16:21:42,539 [INFO] main :: [metrics] {'backlog': {0: 0, 1: 0, 2: 1, 3: 0}, 'lag': 1, 'throughput': {'C2': 5.6, 'C0': 3.4, 'C3': 11.0}}
2026-04-21 16:21:44,540 [INFO] main :: [metrics] {'backlog': {0: 1, 1: 0, 2: 1, 3: 0}, 'lag': 2, 'throughput': {'C2': 4.6, 'C0': 3.2, 'C3': 11.4}}
2026-04-21 16:21:46,541 [INFO] main :: [metrics] {'backlog': {0: 0, 1: 0, 2: 0, 3: 1}, 'lag': 1, 'throughput': {'C2': 5.2, 'C0': 2.6, 'C3': 11.2}}
2026-04-21 16:21:48,543 [INFO] main :: [metrics] {'backlog': {0: 1, 1: 0, 2: 0, 3: 0}, 'lag': 1, 'throughput': {'C2': 7.0, 'C0': 2.6, 'C3': 9.4}}
2026-04-21 16:21:50,543 [INFO] main :: [metrics] {'backlog': {0: 0, 1: 0, 2: 1, 3: 0}, 'lag': 1, 'throughput': {'C2': 8.0, 'C0': 2.6, 'C3': 10.2}}
2026-04-21 16:21:52,544 [INFO] main :: [metrics] {'backlog': {0: 0, 1: 0, 2: 1, 3: 0}, 'lag': 1, 'throughput': {'C2': 6.8, 'C0': 2.6, 'C3': 10.4}}
2026-04-21 16:21:54,546 [INFO] main :: [metrics] {'backlog': {0: 0, 1: 0, 2: 1, 3: 1}, 'lag': 2, 'throughput': {'C2': 4.6, 'C0': 3.0, 'C3': 12.2}}
2026-04-21 16:21:54,582 [INFO] main :: final offsets: {'agri-stats': {'3': 693, '2': 330, '0': 157, '1': 0}}
